<?xml version="1.0" encoding="UTF-8"?>
<!-- Generated by org.testng.reporters.JUnitReportReporter -->
<testsuite hostname="LAPTOP-SR1B8OU1" failures="0" tests="2" name="Academy.HomePage" time="3.585" errors="0" timestamp="2021-05-06T13:49:41 MYT" skipped="0">
  <testcase classname="Academy.HomePage" name="basePageNavigation" time="2.075"/>
  <system-out/>
  <testcase classname="Academy.HomePage" name="basePageNavigation" time="1.510"/>
  <system-out/>
</testsuite> <!-- Academy.HomePage -->
