<?xml version="1.0" encoding="UTF-8"?>
<!-- Generated by org.testng.reporters.JUnitReportReporter -->
<testsuite hostname="LAPTOP-SR1B8OU1" failures="0" tests="2" name="Academy.HomePage" time="3.638" errors="0" timestamp="2021-05-06T13:48:19 MYT" skipped="0">
  <testcase classname="Academy.HomePage" name="basePageNavigation" time="2.183"/>
  <system-out/>
  <testcase classname="Academy.HomePage" name="basePageNavigation" time="1.455"/>
  <system-out/>
</testsuite> <!-- Academy.HomePage -->
